2022-06-22T21:34:14.034346+09:00 0 [System] [MY-010116] [Server] /usr/sbin/mysqld (mysqld 8.0.22) starting as process 1
2022-06-22T21:34:14.119991+09:00 1 [System] [MY-013576] [InnoDB] InnoDB initialization has started.
2022-06-22T21:34:14.607610+09:00 1 [System] [MY-013577] [InnoDB] InnoDB initialization has ended.
2022-06-22T21:34:14.796468+09:00 0 [System] [MY-011323] [Server] X Plugin ready for connections. Bind-address: '::' port: 33060, socket: /var/run/mysqld/mysqlx.sock
2022-06-22T21:34:14.870917+09:00 0 [Warning] [MY-010068] [Server] CA certificate ca.pem is self signed.
2022-06-22T21:34:14.871719+09:00 0 [System] [MY-013602] [Server] Channel mysql_main configured to support TLS. Encrypted connections are now supported for this channel.
2022-06-22T21:34:14.875263+09:00 0 [Warning] [MY-011810] [Server] Insecure configuration for --pid-file: Location '/var/run/mysqld' in the path is accessible to all OS users. Consider choosing a different directory.
2022-06-22T21:34:14.914830+09:00 0 [System] [MY-010931] [Server] /usr/sbin/mysqld: ready for connections. Version: '8.0.22'  socket: '/var/run/mysqld/mysqld.sock'  port: 3306  MySQL Community Server - GPL.
mbind: Operation not permitted
mbind: Operation not permitted
mbind: Operation not permitted
mbind: Operation not permitted
mbind: Operation not permitted
mbind: Operation not permitted
mbind: Operation not permitted
mbind: Operation not permitted
mbind: Operation not permitted
mbind: Operation not permitted
mbind: Operation not permitted
mbind: Operation not permitted
mbind: Operation not permitted
mbind: Operation not permitted
mbind: Operation not permitted
